INFO:root:Processing c_1.txt
INFO:root:Processing c_2.txt
INFO:root:Processing c_3.txt
INFO:root:Processing c_4.txt
INFO:root:Processing c_5.txt
INFO:root:Processing c_6.txt
INFO:root:Processing c_7.txt
INFO:root:Processing c_8.txt
INFO:root:Processing c_9.txt
INFO:root:Processing c_10.txt
INFO:root:Processing c++_1.txt
INFO:root:Processing c++_2.txt
INFO:root:Processing c++_3.txt
INFO:root:Processing c++_4.txt
INFO:root:Processing c++_5.txt
INFO:root:Processing c++_6.txt
INFO:root:Processing c++_7.txt
INFO:root:Processing c++_8.txt
INFO:root:Processing c++_9.txt
INFO:root:Processing c++_10.txt
INFO:root:Processing c#_1.txt
INFO:root:Processing c#_2.txt
INFO:root:Processing c#_3.txt
INFO:root:Processing c#_4.txt
INFO:root:Processing c#_5.txt
INFO:root:Processing c#_6.txt
INFO:root:Processing c#_7.txt
INFO:root:Processing c#_8.txt
INFO:root:Processing c#_9.txt
INFO:root:Processing c#_10.txt
INFO:root:Processing go_1.txt
INFO:root:Processing go_2.txt
INFO:root:Processing go_3.txt
INFO:root:Processing go_4.txt
INFO:root:Processing go_5.txt
INFO:root:Processing go_6.txt
INFO:root:Processing go_7.txt
INFO:root:Processing go_8.txt
INFO:root:Processing go_9.txt
INFO:root:Processing go_10.txt
INFO:root:Processing java_1.txt
INFO:root:Processing java_2.txt
INFO:root:Processing java_3.txt
INFO:root:Processing java_4.txt
INFO:root:Processing java_5.txt
INFO:root:Processing java_6.txt
INFO:root:Processing java_7.txt
INFO:root:Processing java_8.txt
INFO:root:Processing java_9.txt
INFO:root:Processing java_10.txt
INFO:root:Processing javascript_1.txt
INFO:root:Processing javascript_2.txt
INFO:root:Processing javascript_3.txt
INFO:root:Processing javascript_4.txt
INFO:root:Processing javascript_5.txt
INFO:root:Processing javascript_6.txt
INFO:root:Processing javascript_7.txt
INFO:root:Processing javascript_8.txt
INFO:root:Processing javascript_9.txt
INFO:root:Processing javascript_10.txt
INFO:root:Processing python_1.txt
INFO:root:Processing python_2.txt
INFO:root:Processing python_3.txt
INFO:root:Processing python_4.txt
INFO:root:Processing python_5.txt
INFO:root:Processing python_6.txt
INFO:root:Processing python_7.txt
INFO:root:Processing python_8.txt
INFO:root:Processing python_9.txt
INFO:root:Processing python_10.txt
INFO:root:Processing php_1.txt
INFO:root:Processing php_2.txt
INFO:root:Processing php_3.txt
INFO:root:Processing php_4.txt
INFO:root:Processing php_5.txt
INFO:root:Processing php_6.txt
INFO:root:Processing php_7.txt
INFO:root:Processing php_8.txt
INFO:root:Processing php_9.txt
INFO:root:Processing php_10.txt
INFO:root:Processing ruby_1.txt
INFO:root:Processing ruby_2.txt
INFO:root:Processing ruby_3.txt
INFO:root:Processing ruby_4.txt
INFO:root:Processing ruby_5.txt
INFO:root:Processing ruby_6.txt
INFO:root:Processing ruby_7.txt
INFO:root:Processing ruby_8.txt
INFO:root:Processing ruby_9.txt
INFO:root:Processing ruby_10.txt
INFO:root:Processing shell_1.txt
INFO:root:Processing shell_2.txt
INFO:root:Processing shell_3.txt
INFO:root:Processing shell_4.txt
INFO:root:Processing shell_5.txt
INFO:root:Processing shell_6.txt
INFO:root:Processing shell_7.txt
INFO:root:Processing shell_8.txt
INFO:root:Processing shell_9.txt
INFO:root:Processing shell_10.txt
INFO:root:Total repositories loaded: 9368
