INFO:root:https://api.github.com/search/repositories?q=topics%3A>0+language%3Ac+pushed%3A>2017-06-01+is%3Apublic+fork%3Afalse+archived%3Afalse+mirror%3Afalse&sort=stars&order=desc&page=1&per_page=100
INFO:root:https://api.github.com/search/repositories?q=topics%3A>0+language%3Ac+pushed%3A>2017-06-01+is%3Apublic+fork%3Afalse+archived%3Afalse+mirror%3Afalse&sort=stars&order=desc&page=2&per_page=100
INFO:root:https://api.github.com/search/repositories?q=topics%3A>0+language%3Ac+pushed%3A>2017-06-01+is%3Apublic+fork%3Afalse+archived%3Afalse+mirror%3Afalse&sort=stars&order=desc&page=3&per_page=100
INFO:root:https://api.github.com/search/repositories?q=topics%3A>0+language%3Ac+pushed%3A>2017-06-01+is%3Apublic+fork%3Afalse+archived%3Afalse+mirror%3Afalse&sort=stars&order=desc&page=4&per_page=100
INFO:root:https://api.github.com/search/repositories?q=topics%3A>0+language%3Ac+pushed%3A>2017-06-01+is%3Apublic+fork%3Afalse+archived%3Afalse+mirror%3Afalse&sort=stars&order=desc&page=5&per_page=100
INFO:root:https://api.github.com/search/repositories?q=topics%3A>0+language%3Ac+pushed%3A>2017-06-01+is%3Apublic+fork%3Afalse+archived%3Afalse+mirror%3Afalse&sort=stars&order=desc&page=6&per_page=100
INFO:root:https://api.github.com/search/repositories?q=topics%3A>0+language%3Ac+pushed%3A>2017-06-01+is%3Apublic+fork%3Afalse+archived%3Afalse+mirror%3Afalse&sort=stars&order=desc&page=7&per_page=100
INFO:root:https://api.github.com/search/repositories?q=topics%3A>0+language%3Ac+pushed%3A>2017-06-01+is%3Apublic+fork%3Afalse+archived%3Afalse+mirror%3Afalse&sort=stars&order=desc&page=8&per_page=100
INFO:root:https://api.github.com/search/repositories?q=topics%3A>0+language%3Ac+pushed%3A>2017-06-01+is%3Apublic+fork%3Afalse+archived%3Afalse+mirror%3Afalse&sort=stars&order=desc&page=9&per_page=100
INFO:root:https://api.github.com/search/repositories?q=topics%3A>0+language%3Ac+pushed%3A>2017-06-01+is%3Apublic+fork%3Afalse+archived%3Afalse+mirror%3Afalse&sort=stars&order=desc&page=10&per_page=100
INFO:root:https://api.github.com/search/repositories?q=topics%3A>0+language%3Ac%2B%2B+pushed%3A>2017-06-01+is%3Apublic+fork%3Afalse+archived%3Afalse+mirror%3Afalse&sort=stars&order=desc&page=1&per_page=100
INFO:root:https://api.github.com/search/repositories?q=topics%3A>0+language%3Ac%2B%2B+pushed%3A>2017-06-01+is%3Apublic+fork%3Afalse+archived%3Afalse+mirror%3Afalse&sort=stars&order=desc&page=2&per_page=100
INFO:root:https://api.github.com/search/repositories?q=topics%3A>0+language%3Ac%2B%2B+pushed%3A>2017-06-01+is%3Apublic+fork%3Afalse+archived%3Afalse+mirror%3Afalse&sort=stars&order=desc&page=3&per_page=100
INFO:root:https://api.github.com/search/repositories?q=topics%3A>0+language%3Ac%2B%2B+pushed%3A>2017-06-01+is%3Apublic+fork%3Afalse+archived%3Afalse+mirror%3Afalse&sort=stars&order=desc&page=4&per_page=100
INFO:root:https://api.github.com/search/repositories?q=topics%3A>0+language%3Ac%2B%2B+pushed%3A>2017-06-01+is%3Apublic+fork%3Afalse+archived%3Afalse+mirror%3Afalse&sort=stars&order=desc&page=5&per_page=100
INFO:root:https://api.github.com/search/repositories?q=topics%3A>0+language%3Ac%2B%2B+pushed%3A>2017-06-01+is%3Apublic+fork%3Afalse+archived%3Afalse+mirror%3Afalse&sort=stars&order=desc&page=6&per_page=100
INFO:root:https://api.github.com/search/repositories?q=topics%3A>0+language%3Ac%2B%2B+pushed%3A>2017-06-01+is%3Apublic+fork%3Afalse+archived%3Afalse+mirror%3Afalse&sort=stars&order=desc&page=7&per_page=100
INFO:root:https://api.github.com/search/repositories?q=topics%3A>0+language%3Ac%2B%2B+pushed%3A>2017-06-01+is%3Apublic+fork%3Afalse+archived%3Afalse+mirror%3Afalse&sort=stars&order=desc&page=8&per_page=100
INFO:root:https://api.github.com/search/repositories?q=topics%3A>0+language%3Ac%2B%2B+pushed%3A>2017-06-01+is%3Apublic+fork%3Afalse+archived%3Afalse+mirror%3Afalse&sort=stars&order=desc&page=9&per_page=100
INFO:root:https://api.github.com/search/repositories?q=topics%3A>0+language%3Ac%2B%2B+pushed%3A>2017-06-01+is%3Apublic+fork%3Afalse+archived%3Afalse+mirror%3Afalse&sort=stars&order=desc&page=10&per_page=100
INFO:root:https://api.github.com/search/repositories?q=topics%3A>0+language%3Ac%23+pushed%3A>2017-06-01+is%3Apublic+fork%3Afalse+archived%3Afalse+mirror%3Afalse&sort=stars&order=desc&page=1&per_page=100
INFO:root:https://api.github.com/search/repositories?q=topics%3A>0+language%3Ac%23+pushed%3A>2017-06-01+is%3Apublic+fork%3Afalse+archived%3Afalse+mirror%3Afalse&sort=stars&order=desc&page=2&per_page=100
INFO:root:https://api.github.com/search/repositories?q=topics%3A>0+language%3Ac%23+pushed%3A>2017-06-01+is%3Apublic+fork%3Afalse+archived%3Afalse+mirror%3Afalse&sort=stars&order=desc&page=3&per_page=100
INFO:root:https://api.github.com/search/repositories?q=topics%3A>0+language%3Ac%23+pushed%3A>2017-06-01+is%3Apublic+fork%3Afalse+archived%3Afalse+mirror%3Afalse&sort=stars&order=desc&page=4&per_page=100
INFO:root:https://api.github.com/search/repositories?q=topics%3A>0+language%3Ac%23+pushed%3A>2017-06-01+is%3Apublic+fork%3Afalse+archived%3Afalse+mirror%3Afalse&sort=stars&order=desc&page=5&per_page=100
INFO:root:https://api.github.com/search/repositories?q=topics%3A>0+language%3Ac%23+pushed%3A>2017-06-01+is%3Apublic+fork%3Afalse+archived%3Afalse+mirror%3Afalse&sort=stars&order=desc&page=6&per_page=100
INFO:root:https://api.github.com/search/repositories?q=topics%3A>0+language%3Ac%23+pushed%3A>2017-06-01+is%3Apublic+fork%3Afalse+archived%3Afalse+mirror%3Afalse&sort=stars&order=desc&page=7&per_page=100
INFO:root:https://api.github.com/search/repositories?q=topics%3A>0+language%3Ac%23+pushed%3A>2017-06-01+is%3Apublic+fork%3Afalse+archived%3Afalse+mirror%3Afalse&sort=stars&order=desc&page=8&per_page=100
INFO:root:https://api.github.com/search/repositories?q=topics%3A>0+language%3Ac%23+pushed%3A>2017-06-01+is%3Apublic+fork%3Afalse+archived%3Afalse+mirror%3Afalse&sort=stars&order=desc&page=9&per_page=100
INFO:root:https://api.github.com/search/repositories?q=topics%3A>0+language%3Ac%23+pushed%3A>2017-06-01+is%3Apublic+fork%3Afalse+archived%3Afalse+mirror%3Afalse&sort=stars&order=desc&page=10&per_page=100
INFO:root:https://api.github.com/search/repositories?q=topics%3A>0+language%3Ago+pushed%3A>2017-06-01+is%3Apublic+fork%3Afalse+archived%3Afalse+mirror%3Afalse&sort=stars&order=desc&page=1&per_page=100
INFO:root:https://api.github.com/search/repositories?q=topics%3A>0+language%3Ago+pushed%3A>2017-06-01+is%3Apublic+fork%3Afalse+archived%3Afalse+mirror%3Afalse&sort=stars&order=desc&page=2&per_page=100
INFO:root:https://api.github.com/search/repositories?q=topics%3A>0+language%3Ago+pushed%3A>2017-06-01+is%3Apublic+fork%3Afalse+archived%3Afalse+mirror%3Afalse&sort=stars&order=desc&page=3&per_page=100
INFO:root:https://api.github.com/search/repositories?q=topics%3A>0+language%3Ago+pushed%3A>2017-06-01+is%3Apublic+fork%3Afalse+archived%3Afalse+mirror%3Afalse&sort=stars&order=desc&page=4&per_page=100
INFO:root:https://api.github.com/search/repositories?q=topics%3A>0+language%3Ago+pushed%3A>2017-06-01+is%3Apublic+fork%3Afalse+archived%3Afalse+mirror%3Afalse&sort=stars&order=desc&page=5&per_page=100
INFO:root:https://api.github.com/search/repositories?q=topics%3A>0+language%3Ago+pushed%3A>2017-06-01+is%3Apublic+fork%3Afalse+archived%3Afalse+mirror%3Afalse&sort=stars&order=desc&page=6&per_page=100
INFO:root:https://api.github.com/search/repositories?q=topics%3A>0+language%3Ago+pushed%3A>2017-06-01+is%3Apublic+fork%3Afalse+archived%3Afalse+mirror%3Afalse&sort=stars&order=desc&page=7&per_page=100
INFO:root:https://api.github.com/search/repositories?q=topics%3A>0+language%3Ago+pushed%3A>2017-06-01+is%3Apublic+fork%3Afalse+archived%3Afalse+mirror%3Afalse&sort=stars&order=desc&page=8&per_page=100
INFO:root:https://api.github.com/search/repositories?q=topics%3A>0+language%3Ago+pushed%3A>2017-06-01+is%3Apublic+fork%3Afalse+archived%3Afalse+mirror%3Afalse&sort=stars&order=desc&page=9&per_page=100
INFO:root:https://api.github.com/search/repositories?q=topics%3A>0+language%3Ago+pushed%3A>2017-06-01+is%3Apublic+fork%3Afalse+archived%3Afalse+mirror%3Afalse&sort=stars&order=desc&page=10&per_page=100
INFO:root:https://api.github.com/search/repositories?q=topics%3A>0+language%3Ajava+pushed%3A>2017-06-01+is%3Apublic+fork%3Afalse+archived%3Afalse+mirror%3Afalse&sort=stars&order=desc&page=1&per_page=100
INFO:root:https://api.github.com/search/repositories?q=topics%3A>0+language%3Ajava+pushed%3A>2017-06-01+is%3Apublic+fork%3Afalse+archived%3Afalse+mirror%3Afalse&sort=stars&order=desc&page=2&per_page=100
INFO:root:https://api.github.com/search/repositories?q=topics%3A>0+language%3Ajava+pushed%3A>2017-06-01+is%3Apublic+fork%3Afalse+archived%3Afalse+mirror%3Afalse&sort=stars&order=desc&page=3&per_page=100
INFO:root:https://api.github.com/search/repositories?q=topics%3A>0+language%3Ajava+pushed%3A>2017-06-01+is%3Apublic+fork%3Afalse+archived%3Afalse+mirror%3Afalse&sort=stars&order=desc&page=4&per_page=100
INFO:root:https://api.github.com/search/repositories?q=topics%3A>0+language%3Ajava+pushed%3A>2017-06-01+is%3Apublic+fork%3Afalse+archived%3Afalse+mirror%3Afalse&sort=stars&order=desc&page=5&per_page=100
INFO:root:https://api.github.com/search/repositories?q=topics%3A>0+language%3Ajava+pushed%3A>2017-06-01+is%3Apublic+fork%3Afalse+archived%3Afalse+mirror%3Afalse&sort=stars&order=desc&page=6&per_page=100
INFO:root:https://api.github.com/search/repositories?q=topics%3A>0+language%3Ajava+pushed%3A>2017-06-01+is%3Apublic+fork%3Afalse+archived%3Afalse+mirror%3Afalse&sort=stars&order=desc&page=7&per_page=100
INFO:root:https://api.github.com/search/repositories?q=topics%3A>0+language%3Ajava+pushed%3A>2017-06-01+is%3Apublic+fork%3Afalse+archived%3Afalse+mirror%3Afalse&sort=stars&order=desc&page=8&per_page=100
INFO:root:https://api.github.com/search/repositories?q=topics%3A>0+language%3Ajava+pushed%3A>2017-06-01+is%3Apublic+fork%3Afalse+archived%3Afalse+mirror%3Afalse&sort=stars&order=desc&page=9&per_page=100
INFO:root:https://api.github.com/search/repositories?q=topics%3A>0+language%3Ajava+pushed%3A>2017-06-01+is%3Apublic+fork%3Afalse+archived%3Afalse+mirror%3Afalse&sort=stars&order=desc&page=10&per_page=100
INFO:root:https://api.github.com/search/repositories?q=topics%3A>0+language%3Ajavascript+pushed%3A>2017-06-01+is%3Apublic+fork%3Afalse+archived%3Afalse+mirror%3Afalse&sort=stars&order=desc&page=1&per_page=100
INFO:root:https://api.github.com/search/repositories?q=topics%3A>0+language%3Ajavascript+pushed%3A>2017-06-01+is%3Apublic+fork%3Afalse+archived%3Afalse+mirror%3Afalse&sort=stars&order=desc&page=2&per_page=100
INFO:root:https://api.github.com/search/repositories?q=topics%3A>0+language%3Ajavascript+pushed%3A>2017-06-01+is%3Apublic+fork%3Afalse+archived%3Afalse+mirror%3Afalse&sort=stars&order=desc&page=3&per_page=100
INFO:root:https://api.github.com/search/repositories?q=topics%3A>0+language%3Ajavascript+pushed%3A>2017-06-01+is%3Apublic+fork%3Afalse+archived%3Afalse+mirror%3Afalse&sort=stars&order=desc&page=4&per_page=100
INFO:root:https://api.github.com/search/repositories?q=topics%3A>0+language%3Ajavascript+pushed%3A>2017-06-01+is%3Apublic+fork%3Afalse+archived%3Afalse+mirror%3Afalse&sort=stars&order=desc&page=5&per_page=100
INFO:root:https://api.github.com/search/repositories?q=topics%3A>0+language%3Ajavascript+pushed%3A>2017-06-01+is%3Apublic+fork%3Afalse+archived%3Afalse+mirror%3Afalse&sort=stars&order=desc&page=6&per_page=100
INFO:root:https://api.github.com/search/repositories?q=topics%3A>0+language%3Ajavascript+pushed%3A>2017-06-01+is%3Apublic+fork%3Afalse+archived%3Afalse+mirror%3Afalse&sort=stars&order=desc&page=7&per_page=100
INFO:root:https://api.github.com/search/repositories?q=topics%3A>0+language%3Ajavascript+pushed%3A>2017-06-01+is%3Apublic+fork%3Afalse+archived%3Afalse+mirror%3Afalse&sort=stars&order=desc&page=8&per_page=100
INFO:root:https://api.github.com/search/repositories?q=topics%3A>0+language%3Ajavascript+pushed%3A>2017-06-01+is%3Apublic+fork%3Afalse+archived%3Afalse+mirror%3Afalse&sort=stars&order=desc&page=9&per_page=100
INFO:root:https://api.github.com/search/repositories?q=topics%3A>0+language%3Ajavascript+pushed%3A>2017-06-01+is%3Apublic+fork%3Afalse+archived%3Afalse+mirror%3Afalse&sort=stars&order=desc&page=10&per_page=100
INFO:root:https://api.github.com/search/repositories?q=topics%3A>0+language%3Apython+pushed%3A>2017-06-01+is%3Apublic+fork%3Afalse+archived%3Afalse+mirror%3Afalse&sort=stars&order=desc&page=1&per_page=100
INFO:root:https://api.github.com/search/repositories?q=topics%3A>0+language%3Apython+pushed%3A>2017-06-01+is%3Apublic+fork%3Afalse+archived%3Afalse+mirror%3Afalse&sort=stars&order=desc&page=2&per_page=100
INFO:root:https://api.github.com/search/repositories?q=topics%3A>0+language%3Apython+pushed%3A>2017-06-01+is%3Apublic+fork%3Afalse+archived%3Afalse+mirror%3Afalse&sort=stars&order=desc&page=3&per_page=100
INFO:root:https://api.github.com/search/repositories?q=topics%3A>0+language%3Apython+pushed%3A>2017-06-01+is%3Apublic+fork%3Afalse+archived%3Afalse+mirror%3Afalse&sort=stars&order=desc&page=4&per_page=100
INFO:root:https://api.github.com/search/repositories?q=topics%3A>0+language%3Apython+pushed%3A>2017-06-01+is%3Apublic+fork%3Afalse+archived%3Afalse+mirror%3Afalse&sort=stars&order=desc&page=5&per_page=100
INFO:root:https://api.github.com/search/repositories?q=topics%3A>0+language%3Apython+pushed%3A>2017-06-01+is%3Apublic+fork%3Afalse+archived%3Afalse+mirror%3Afalse&sort=stars&order=desc&page=6&per_page=100
INFO:root:https://api.github.com/search/repositories?q=topics%3A>0+language%3Apython+pushed%3A>2017-06-01+is%3Apublic+fork%3Afalse+archived%3Afalse+mirror%3Afalse&sort=stars&order=desc&page=7&per_page=100
INFO:root:https://api.github.com/search/repositories?q=topics%3A>0+language%3Apython+pushed%3A>2017-06-01+is%3Apublic+fork%3Afalse+archived%3Afalse+mirror%3Afalse&sort=stars&order=desc&page=8&per_page=100
INFO:root:https://api.github.com/search/repositories?q=topics%3A>0+language%3Apython+pushed%3A>2017-06-01+is%3Apublic+fork%3Afalse+archived%3Afalse+mirror%3Afalse&sort=stars&order=desc&page=9&per_page=100
INFO:root:https://api.github.com/search/repositories?q=topics%3A>0+language%3Apython+pushed%3A>2017-06-01+is%3Apublic+fork%3Afalse+archived%3Afalse+mirror%3Afalse&sort=stars&order=desc&page=10&per_page=100
INFO:root:https://api.github.com/search/repositories?q=topics%3A>0+language%3Aphp+pushed%3A>2017-06-01+is%3Apublic+fork%3Afalse+archived%3Afalse+mirror%3Afalse&sort=stars&order=desc&page=1&per_page=100
INFO:root:https://api.github.com/search/repositories?q=topics%3A>0+language%3Aphp+pushed%3A>2017-06-01+is%3Apublic+fork%3Afalse+archived%3Afalse+mirror%3Afalse&sort=stars&order=desc&page=2&per_page=100
INFO:root:https://api.github.com/search/repositories?q=topics%3A>0+language%3Aphp+pushed%3A>2017-06-01+is%3Apublic+fork%3Afalse+archived%3Afalse+mirror%3Afalse&sort=stars&order=desc&page=3&per_page=100
INFO:root:https://api.github.com/search/repositories?q=topics%3A>0+language%3Aphp+pushed%3A>2017-06-01+is%3Apublic+fork%3Afalse+archived%3Afalse+mirror%3Afalse&sort=stars&order=desc&page=4&per_page=100
INFO:root:https://api.github.com/search/repositories?q=topics%3A>0+language%3Aphp+pushed%3A>2017-06-01+is%3Apublic+fork%3Afalse+archived%3Afalse+mirror%3Afalse&sort=stars&order=desc&page=5&per_page=100
INFO:root:https://api.github.com/search/repositories?q=topics%3A>0+language%3Aphp+pushed%3A>2017-06-01+is%3Apublic+fork%3Afalse+archived%3Afalse+mirror%3Afalse&sort=stars&order=desc&page=6&per_page=100
INFO:root:https://api.github.com/search/repositories?q=topics%3A>0+language%3Aphp+pushed%3A>2017-06-01+is%3Apublic+fork%3Afalse+archived%3Afalse+mirror%3Afalse&sort=stars&order=desc&page=7&per_page=100
INFO:root:https://api.github.com/search/repositories?q=topics%3A>0+language%3Aphp+pushed%3A>2017-06-01+is%3Apublic+fork%3Afalse+archived%3Afalse+mirror%3Afalse&sort=stars&order=desc&page=8&per_page=100
INFO:root:https://api.github.com/search/repositories?q=topics%3A>0+language%3Aphp+pushed%3A>2017-06-01+is%3Apublic+fork%3Afalse+archived%3Afalse+mirror%3Afalse&sort=stars&order=desc&page=9&per_page=100
INFO:root:https://api.github.com/search/repositories?q=topics%3A>0+language%3Aphp+pushed%3A>2017-06-01+is%3Apublic+fork%3Afalse+archived%3Afalse+mirror%3Afalse&sort=stars&order=desc&page=10&per_page=100
INFO:root:https://api.github.com/search/repositories?q=topics%3A>0+language%3Aruby+pushed%3A>2017-06-01+is%3Apublic+fork%3Afalse+archived%3Afalse+mirror%3Afalse&sort=stars&order=desc&page=1&per_page=100
INFO:root:https://api.github.com/search/repositories?q=topics%3A>0+language%3Aruby+pushed%3A>2017-06-01+is%3Apublic+fork%3Afalse+archived%3Afalse+mirror%3Afalse&sort=stars&order=desc&page=2&per_page=100
INFO:root:https://api.github.com/search/repositories?q=topics%3A>0+language%3Aruby+pushed%3A>2017-06-01+is%3Apublic+fork%3Afalse+archived%3Afalse+mirror%3Afalse&sort=stars&order=desc&page=3&per_page=100
INFO:root:https://api.github.com/search/repositories?q=topics%3A>0+language%3Aruby+pushed%3A>2017-06-01+is%3Apublic+fork%3Afalse+archived%3Afalse+mirror%3Afalse&sort=stars&order=desc&page=4&per_page=100
INFO:root:https://api.github.com/search/repositories?q=topics%3A>0+language%3Aruby+pushed%3A>2017-06-01+is%3Apublic+fork%3Afalse+archived%3Afalse+mirror%3Afalse&sort=stars&order=desc&page=5&per_page=100
INFO:root:https://api.github.com/search/repositories?q=topics%3A>0+language%3Aruby+pushed%3A>2017-06-01+is%3Apublic+fork%3Afalse+archived%3Afalse+mirror%3Afalse&sort=stars&order=desc&page=6&per_page=100
INFO:root:https://api.github.com/search/repositories?q=topics%3A>0+language%3Aruby+pushed%3A>2017-06-01+is%3Apublic+fork%3Afalse+archived%3Afalse+mirror%3Afalse&sort=stars&order=desc&page=7&per_page=100
INFO:root:https://api.github.com/search/repositories?q=topics%3A>0+language%3Aruby+pushed%3A>2017-06-01+is%3Apublic+fork%3Afalse+archived%3Afalse+mirror%3Afalse&sort=stars&order=desc&page=8&per_page=100
INFO:root:https://api.github.com/search/repositories?q=topics%3A>0+language%3Aruby+pushed%3A>2017-06-01+is%3Apublic+fork%3Afalse+archived%3Afalse+mirror%3Afalse&sort=stars&order=desc&page=9&per_page=100
INFO:root:https://api.github.com/search/repositories?q=topics%3A>0+language%3Aruby+pushed%3A>2017-06-01+is%3Apublic+fork%3Afalse+archived%3Afalse+mirror%3Afalse&sort=stars&order=desc&page=10&per_page=100
INFO:root:https://api.github.com/search/repositories?q=topics%3A>0+language%3Ashell+pushed%3A>2017-06-01+is%3Apublic+fork%3Afalse+archived%3Afalse+mirror%3Afalse&sort=stars&order=desc&page=1&per_page=100
INFO:root:https://api.github.com/search/repositories?q=topics%3A>0+language%3Ashell+pushed%3A>2017-06-01+is%3Apublic+fork%3Afalse+archived%3Afalse+mirror%3Afalse&sort=stars&order=desc&page=2&per_page=100
INFO:root:https://api.github.com/search/repositories?q=topics%3A>0+language%3Ashell+pushed%3A>2017-06-01+is%3Apublic+fork%3Afalse+archived%3Afalse+mirror%3Afalse&sort=stars&order=desc&page=3&per_page=100
INFO:root:https://api.github.com/search/repositories?q=topics%3A>0+language%3Ashell+pushed%3A>2017-06-01+is%3Apublic+fork%3Afalse+archived%3Afalse+mirror%3Afalse&sort=stars&order=desc&page=4&per_page=100
INFO:root:https://api.github.com/search/repositories?q=topics%3A>0+language%3Ashell+pushed%3A>2017-06-01+is%3Apublic+fork%3Afalse+archived%3Afalse+mirror%3Afalse&sort=stars&order=desc&page=5&per_page=100
INFO:root:https://api.github.com/search/repositories?q=topics%3A>0+language%3Ashell+pushed%3A>2017-06-01+is%3Apublic+fork%3Afalse+archived%3Afalse+mirror%3Afalse&sort=stars&order=desc&page=6&per_page=100
INFO:root:https://api.github.com/search/repositories?q=topics%3A>0+language%3Ashell+pushed%3A>2017-06-01+is%3Apublic+fork%3Afalse+archived%3Afalse+mirror%3Afalse&sort=stars&order=desc&page=7&per_page=100
INFO:root:https://api.github.com/search/repositories?q=topics%3A>0+language%3Ashell+pushed%3A>2017-06-01+is%3Apublic+fork%3Afalse+archived%3Afalse+mirror%3Afalse&sort=stars&order=desc&page=8&per_page=100
INFO:root:https://api.github.com/search/repositories?q=topics%3A>0+language%3Ashell+pushed%3A>2017-06-01+is%3Apublic+fork%3Afalse+archived%3Afalse+mirror%3Afalse&sort=stars&order=desc&page=9&per_page=100
INFO:root:https://api.github.com/search/repositories?q=topics%3A>0+language%3Ashell+pushed%3A>2017-06-01+is%3Apublic+fork%3Afalse+archived%3Afalse+mirror%3Afalse&sort=stars&order=desc&page=10&per_page=100
INFO:root:Extraction completed
INFO:root:Loading of repository topics has been completed
